2021-09-04T07:58:26.846787Z 0 [Warning] TIMESTAMP with implicit DEFAULT value is deprecated. Please use --explicit_defaults_for_timestamp server option (see documentation for more details).
2021-09-04T07:58:26.857091Z 0 [Warning] Setting lower_case_table_names=2 because file system for /var/lib/mysql/ is case insensitive
2021-09-04T07:58:27.719277Z 0 [Warning] InnoDB: New log files created, LSN=45790
2021-09-04T07:58:27.944184Z 0 [Warning] InnoDB: Creating foreign key constraint system tables.
2021-09-04T07:58:28.005062Z 0 [Warning] No existing UUID has been found, so we assume that this is the first time that this server has been started. Generating a new UUID: e364af13-0d55-11ec-b173-0242ac1e0b02.
2021-09-04T07:58:28.008882Z 0 [Warning] Gtid table is not ready to be used. Table 'mysql.gtid_executed' cannot be opened.
2021-09-04T07:58:28.731991Z 0 [Warning] A deprecated TLS version TLSv1 is enabled. Please use TLSv1.2 or higher.
2021-09-04T07:58:28.732655Z 0 [Warning] A deprecated TLS version TLSv1.1 is enabled. Please use TLSv1.2 or higher.
2021-09-04T07:58:28.740357Z 0 [Warning] CA certificate ca.pem is self signed.
2021-09-04T07:58:28.979991Z 1 [Warning] root@localhost is created with an empty password ! Please consider switching off the --initialize-insecure option.
2021-09-04T07:58:38.201088Z 0 [Warning] TIMESTAMP with implicit DEFAULT value is deprecated. Please use --explicit_defaults_for_timestamp server option (see documentation for more details).
2021-09-04T07:58:38.207941Z 0 [Note] mysqld (mysqld 5.7.35) starting as process 79 ...
2021-09-04T07:58:38.213355Z 0 [Warning] Setting lower_case_table_names=2 because file system for /var/lib/mysql/ is case insensitive
2021-09-04T07:58:38.217479Z 0 [Note] InnoDB: PUNCH HOLE support available
2021-09-04T07:58:38.218074Z 0 [Note] InnoDB: Mutexes and rw_locks use GCC atomic builtins
2021-09-04T07:58:38.218908Z 0 [Note] InnoDB: Uses event mutexes
2021-09-04T07:58:38.219377Z 0 [Note] InnoDB: GCC builtin __atomic_thread_fence() is used for memory barrier
2021-09-04T07:58:38.219813Z 0 [Note] InnoDB: Compressed tables use zlib 1.2.11
2021-09-04T07:58:38.220420Z 0 [Note] InnoDB: Using Linux native AIO
2021-09-04T07:58:38.221315Z 0 [Note] InnoDB: Number of pools: 1
2021-09-04T07:58:38.222060Z 0 [Note] InnoDB: Using CPU crc32 instructions
2021-09-04T07:58:38.225240Z 0 [Note] InnoDB: Initializing buffer pool, total size = 128M, instances = 1, chunk size = 128M
2021-09-04T07:58:38.236500Z 0 [Note] InnoDB: Completed initialization of buffer pool
2021-09-04T07:58:38.239421Z 0 [Note] InnoDB: If the mysqld execution user is authorized, page cleaner thread priority can be changed. See the man page of setpriority().
2021-09-04T07:58:38.284606Z 0 [Note] InnoDB: Highest supported file format is Barracuda.
2021-09-04T07:58:38.354684Z 0 [Note] InnoDB: Creating shared tablespace for temporary tables
2021-09-04T07:58:38.357344Z 0 [Note] InnoDB: Setting file './ibtmp1' size to 12 MB. Physically writing the file full; Please wait ...
2021-09-04T07:58:38.416957Z 0 [Note] InnoDB: File './ibtmp1' size is now 12 MB.
2021-09-04T07:58:38.421638Z 0 [Note] InnoDB: 96 redo rollback segment(s) found. 96 redo rollback segment(s) are active.
2021-09-04T07:58:38.422294Z 0 [Note] InnoDB: 32 non-redo rollback segment(s) are active.
2021-09-04T07:58:38.423535Z 0 [Note] InnoDB: Waiting for purge to start
2021-09-04T07:58:38.479836Z 0 [Note] InnoDB: 5.7.35 started; log sequence number 2749626
2021-09-04T07:58:38.482784Z 0 [Note] InnoDB: Loading buffer pool(s) from /var/lib/mysql/ib_buffer_pool
2021-09-04T07:58:38.483016Z 0 [Note] Plugin 'FEDERATED' is disabled.
2021-09-04T07:58:38.527923Z 0 [Note] Found ca.pem, server-cert.pem and server-key.pem in data directory. Trying to enable SSL support using them.
2021-09-04T07:58:38.530672Z 0 [Note] Skipping generation of SSL certificates as certificate files are present in data directory.
2021-09-04T07:58:38.531492Z 0 [Warning] A deprecated TLS version TLSv1 is enabled. Please use TLSv1.2 or higher.
2021-09-04T07:58:38.532138Z 0 [Warning] A deprecated TLS version TLSv1.1 is enabled. Please use TLSv1.2 or higher.
2021-09-04T07:58:38.536325Z 0 [Note] InnoDB: Buffer pool(s) load completed at 210904 16:58:38
2021-09-04T07:58:38.539949Z 0 [Warning] CA certificate ca.pem is self signed.
2021-09-04T07:58:38.540880Z 0 [Note] Skipping generation of RSA key pair as key files are present in data directory.
2021-09-04T07:58:38.554717Z 0 [Warning] Insecure configuration for --pid-file: Location '/var/run/mysqld' in the path is accessible to all OS users. Consider choosing a different directory.
2021-09-04T07:58:38.756137Z 0 [Note] Event Scheduler: Loaded 0 events
2021-09-04T07:58:38.757014Z 0 [Note] mysqld: ready for connections.
Version: '5.7.35'  socket: '/var/run/mysqld/mysqld.sock'  port: 0  MySQL Community Server (GPL)
2021-09-04T07:58:41.540777Z 0 [Note] Giving 0 client threads a chance to die gracefully
2021-09-04T07:58:41.541465Z 0 [Note] Shutting down slave threads
2021-09-04T07:58:41.542011Z 0 [Note] Forcefully disconnecting 0 remaining clients
2021-09-04T07:58:41.542472Z 0 [Note] Event Scheduler: Purging the queue. 0 events
2021-09-04T07:58:41.543088Z 0 [Note] Binlog end
2021-09-04T07:58:41.546473Z 0 [Note] Shutting down plugin 'ngram'
2021-09-04T07:58:41.547188Z 0 [Note] Shutting down plugin 'partition'
2021-09-04T07:58:41.547811Z 0 [Note] Shutting down plugin 'BLACKHOLE'
2021-09-04T07:58:41.548414Z 0 [Note] Shutting down plugin 'ARCHIVE'
2021-09-04T07:58:41.548889Z 0 [Note] Shutting down plugin 'PERFORMANCE_SCHEMA'
2021-09-04T07:58:41.549432Z 0 [Note] Shutting down plugin 'MRG_MYISAM'
2021-09-04T07:58:41.550010Z 0 [Note] Shutting down plugin 'MyISAM'
2021-09-04T07:58:41.550589Z 0 [Note] Shutting down plugin 'INNODB_SYS_VIRTUAL'
2021-09-04T07:58:41.551036Z 0 [Note] Shutting down plugin 'INNODB_SYS_DATAFILES'
2021-09-04T07:58:41.551517Z 0 [Note] Shutting down plugin 'INNODB_SYS_TABLESPACES'
2021-09-04T07:58:41.552013Z 0 [Note] Shutting down plugin 'INNODB_SYS_FOREIGN_COLS'
2021-09-04T07:58:41.552591Z 0 [Note] Shutting down plugin 'INNODB_SYS_FOREIGN'
2021-09-04T07:58:41.553132Z 0 [Note] Shutting down plugin 'INNODB_SYS_FIELDS'
2021-09-04T07:58:41.553715Z 0 [Note] Shutting down plugin 'INNODB_SYS_COLUMNS'
2021-09-04T07:58:41.554271Z 0 [Note] Shutting down plugin 'INNODB_SYS_INDEXES'
2021-09-04T07:58:41.554743Z 0 [Note] Shutting down plugin 'INNODB_SYS_TABLESTATS'
2021-09-04T07:58:41.555290Z 0 [Note] Shutting down plugin 'INNODB_SYS_TABLES'
2021-09-04T07:58:41.555844Z 0 [Note] Shutting down plugin 'INNODB_FT_INDEX_TABLE'
2021-09-04T07:58:41.556400Z 0 [Note] Shutting down plugin 'INNODB_FT_INDEX_CACHE'
2021-09-04T07:58:41.556909Z 0 [Note] Shutting down plugin 'INNODB_FT_CONFIG'
2021-09-04T07:58:41.557431Z 0 [Note] Shutting down plugin 'INNODB_FT_BEING_DELETED'
2021-09-04T07:58:41.558161Z 0 [Note] Shutting down plugin 'INNODB_FT_DELETED'
2021-09-04T07:58:41.558984Z 0 [Note] Shutting down plugin 'INNODB_FT_DEFAULT_STOPWORD'
2021-09-04T07:58:41.559531Z 0 [Note] Shutting down plugin 'INNODB_METRICS'
2021-09-04T07:58:41.560044Z 0 [Note] Shutting down plugin 'INNODB_TEMP_TABLE_INFO'
2021-09-04T07:58:41.560436Z 0 [Note] Shutting down plugin 'INNODB_BUFFER_POOL_STATS'
2021-09-04T07:58:41.561106Z 0 [Note] Shutting down plugin 'INNODB_BUFFER_PAGE_LRU'
2021-09-04T07:58:41.561707Z 0 [Note] Shutting down plugin 'INNODB_BUFFER_PAGE'
2021-09-04T07:58:41.562307Z 0 [Note] Shutting down plugin 'INNODB_CMP_PER_INDEX_RESET'
2021-09-04T07:58:41.562768Z 0 [Note] Shutting down plugin 'INNODB_CMP_PER_INDEX'
2021-09-04T07:58:41.563394Z 0 [Note] Shutting down plugin 'INNODB_CMPMEM_RESET'
2021-09-04T07:58:41.563913Z 0 [Note] Shutting down plugin 'INNODB_CMPMEM'
2021-09-04T07:58:41.564621Z 0 [Note] Shutting down plugin 'INNODB_CMP_RESET'
2021-09-04T07:58:41.565221Z 0 [Note] Shutting down plugin 'INNODB_CMP'
2021-09-04T07:58:41.565682Z 0 [Note] Shutting down plugin 'INNODB_LOCK_WAITS'
2021-09-04T07:58:41.566423Z 0 [Note] Shutting down plugin 'INNODB_LOCKS'
2021-09-04T07:58:41.567133Z 0 [Note] Shutting down plugin 'INNODB_TRX'
2021-09-04T07:58:41.567839Z 0 [Note] Shutting down plugin 'InnoDB'
2021-09-04T07:58:41.568560Z 0 [Note] InnoDB: FTS optimize thread exiting.
2021-09-04T07:58:41.569417Z 0 [Note] InnoDB: Starting shutdown...
2021-09-04T07:58:41.674584Z 0 [Note] InnoDB: Dumping buffer pool(s) to /var/lib/mysql/ib_buffer_pool
2021-09-04T07:58:41.684631Z 0 [Note] InnoDB: Buffer pool(s) dump completed at 210904 16:58:41
2021-09-04T07:58:43.505869Z 0 [Note] InnoDB: Shutdown completed; log sequence number 12667074
2021-09-04T07:58:43.508642Z 0 [Note] InnoDB: Removed temporary tablespace data file: "ibtmp1"
2021-09-04T07:58:43.509304Z 0 [Note] Shutting down plugin 'MEMORY'
2021-09-04T07:58:43.509749Z 0 [Note] Shutting down plugin 'CSV'
2021-09-04T07:58:43.510458Z 0 [Note] Shutting down plugin 'sha256_password'
2021-09-04T07:58:43.510969Z 0 [Note] Shutting down plugin 'mysql_native_password'
2021-09-04T07:58:43.511752Z 0 [Note] Shutting down plugin 'binlog'
2021-09-04T07:58:43.515500Z 0 [Note] mysqld: Shutdown complete

2021-09-04T07:58:43.718509Z 0 [Warning] TIMESTAMP with implicit DEFAULT value is deprecated. Please use --explicit_defaults_for_timestamp server option (see documentation for more details).
2021-09-04T07:58:43.724092Z 0 [Note] mysqld (mysqld 5.7.35) starting as process 1 ...
2021-09-04T07:58:43.729328Z 0 [Warning] Setting lower_case_table_names=2 because file system for /var/lib/mysql/ is case insensitive
2021-09-04T07:58:43.732853Z 0 [Note] InnoDB: PUNCH HOLE support available
2021-09-04T07:58:43.733370Z 0 [Note] InnoDB: Mutexes and rw_locks use GCC atomic builtins
2021-09-04T07:58:43.733762Z 0 [Note] InnoDB: Uses event mutexes
2021-09-04T07:58:43.734288Z 0 [Note] InnoDB: GCC builtin __atomic_thread_fence() is used for memory barrier
2021-09-04T07:58:43.734686Z 0 [Note] InnoDB: Compressed tables use zlib 1.2.11
2021-09-04T07:58:43.735249Z 0 [Note] InnoDB: Using Linux native AIO
2021-09-04T07:58:43.735939Z 0 [Note] InnoDB: Number of pools: 1
2021-09-04T07:58:43.736458Z 0 [Note] InnoDB: Using CPU crc32 instructions
2021-09-04T07:58:43.740285Z 0 [Note] InnoDB: Initializing buffer pool, total size = 128M, instances = 1, chunk size = 128M
2021-09-04T07:58:43.749127Z 0 [Note] InnoDB: Completed initialization of buffer pool
2021-09-04T07:58:43.752096Z 0 [Note] InnoDB: If the mysqld execution user is authorized, page cleaner thread priority can be changed. See the man page of setpriority().
2021-09-04T07:58:43.798766Z 0 [Note] InnoDB: Highest supported file format is Barracuda.
2021-09-04T07:58:43.878937Z 0 [Note] InnoDB: Creating shared tablespace for temporary tables
2021-09-04T07:58:43.881571Z 0 [Note] InnoDB: Setting file './ibtmp1' size to 12 MB. Physically writing the file full; Please wait ...
2021-09-04T07:58:43.933480Z 0 [Note] InnoDB: File './ibtmp1' size is now 12 MB.
2021-09-04T07:58:43.940856Z 0 [Note] InnoDB: 96 redo rollback segment(s) found. 96 redo rollback segment(s) are active.
2021-09-04T07:58:43.941268Z 0 [Note] InnoDB: 32 non-redo rollback segment(s) are active.
2021-09-04T07:58:43.942288Z 0 [Note] InnoDB: 5.7.35 started; log sequence number 12667074
2021-09-04T07:58:43.943070Z 0 [Note] InnoDB: Loading buffer pool(s) from /var/lib/mysql/ib_buffer_pool
2021-09-04T07:58:43.943354Z 0 [Note] Plugin 'FEDERATED' is disabled.
2021-09-04T07:58:43.968245Z 0 [Note] Found ca.pem, server-cert.pem and server-key.pem in data directory. Trying to enable SSL support using them.
2021-09-04T07:58:43.969429Z 0 [Note] Skipping generation of SSL certificates as certificate files are present in data directory.
2021-09-04T07:58:43.970122Z 0 [Warning] A deprecated TLS version TLSv1 is enabled. Please use TLSv1.2 or higher.
2021-09-04T07:58:43.970851Z 0 [Warning] A deprecated TLS version TLSv1.1 is enabled. Please use TLSv1.2 or higher.
2021-09-04T07:58:43.975841Z 0 [Warning] CA certificate ca.pem is self signed.
2021-09-04T07:58:43.976544Z 0 [Note] Skipping generation of RSA key pair as key files are present in data directory.
2021-09-04T07:58:43.978946Z 0 [Note] Server hostname (bind-address): '*'; port: 3306
2021-09-04T07:58:43.979522Z 0 [Note] IPv6 is available.
2021-09-04T07:58:43.980001Z 0 [Note]   - '::' resolves to '::';
2021-09-04T07:58:43.980710Z 0 [Note] Server socket created on IP: '::'.
2021-09-04T07:58:43.983249Z 0 [Warning] Insecure configuration for --pid-file: Location '/var/run/mysqld' in the path is accessible to all OS users. Consider choosing a different directory.
2021-09-04T07:58:44.003379Z 0 [Note] InnoDB: Buffer pool(s) load completed at 210904 16:58:44
2021-09-04T07:58:44.149166Z 0 [Note] Event Scheduler: Loaded 0 events
2021-09-04T07:58:44.150006Z 0 [Note] mysqld: ready for connections.
Version: '5.7.35'  socket: '/var/run/mysqld/mysqld.sock'  port: 3306  MySQL Community Server (GPL)
2021-09-05T04:45:35.464110Z 0 [Note] InnoDB: page_cleaner: 1000ms intended loop took 11449ms. The settings might not be optimal. (flushed=0 and evicted=0, during the time.)
2021-09-05T16:46:40.017931Z 0 [Note] InnoDB: page_cleaner: 1000ms intended loop took 7524ms. The settings might not be optimal. (flushed=0 and evicted=0, during the time.)
2021-09-11T14:43:05.294288Z 0 [Warning] TIMESTAMP with implicit DEFAULT value is deprecated. Please use --explicit_defaults_for_timestamp server option (see documentation for more details).
2021-09-11T14:43:05.305589Z 0 [Note] mysqld (mysqld 5.7.35) starting as process 1 ...
2021-09-11T14:43:05.310554Z 0 [Warning] Setting lower_case_table_names=2 because file system for /var/lib/mysql/ is case insensitive
2021-09-11T14:43:05.318149Z 0 [Note] InnoDB: PUNCH HOLE support available
2021-09-11T14:43:05.318760Z 0 [Note] InnoDB: Mutexes and rw_locks use GCC atomic builtins
2021-09-11T14:43:05.319389Z 0 [Note] InnoDB: Uses event mutexes
2021-09-11T14:43:05.319935Z 0 [Note] InnoDB: GCC builtin __atomic_thread_fence() is used for memory barrier
2021-09-11T14:43:05.320352Z 0 [Note] InnoDB: Compressed tables use zlib 1.2.11
2021-09-11T14:43:05.320912Z 0 [Note] InnoDB: Using Linux native AIO
2021-09-11T14:43:05.322418Z 0 [Note] InnoDB: Number of pools: 1
2021-09-11T14:43:05.323764Z 0 [Note] InnoDB: Using CPU crc32 instructions
2021-09-11T14:43:05.330401Z 0 [Note] InnoDB: Initializing buffer pool, total size = 128M, instances = 1, chunk size = 128M
2021-09-11T14:43:05.358678Z 0 [Note] InnoDB: Completed initialization of buffer pool
2021-09-11T14:43:05.369595Z 0 [Note] InnoDB: If the mysqld execution user is authorized, page cleaner thread priority can be changed. See the man page of setpriority().
2021-09-11T14:43:05.420869Z 0 [Note] InnoDB: Highest supported file format is Barracuda.
2021-09-11T14:43:05.437987Z 0 [Note] InnoDB: Log scan progressed past the checkpoint lsn 12667093
2021-09-11T14:43:05.439410Z 0 [Note] InnoDB: Doing recovery: scanned up to log sequence number 12667102
2021-09-11T14:43:05.440198Z 0 [Note] InnoDB: Database was not shutdown normally!
2021-09-11T14:43:05.441289Z 0 [Note] InnoDB: Starting crash recovery.
2021-09-11T14:43:05.686286Z 0 [Note] InnoDB: Removed temporary tablespace data file: "ibtmp1"
2021-09-11T14:43:05.686759Z 0 [Note] InnoDB: Creating shared tablespace for temporary tables
2021-09-11T14:43:05.689530Z 0 [Note] InnoDB: Setting file './ibtmp1' size to 12 MB. Physically writing the file full; Please wait ...
2021-09-11T14:43:05.788805Z 0 [Note] InnoDB: File './ibtmp1' size is now 12 MB.
2021-09-11T14:43:05.795849Z 0 [Note] InnoDB: 96 redo rollback segment(s) found. 96 redo rollback segment(s) are active.
2021-09-11T14:43:05.796514Z 0 [Note] InnoDB: 32 non-redo rollback segment(s) are active.
2021-09-11T14:43:05.798248Z 0 [Note] InnoDB: 5.7.35 started; log sequence number 12667102
2021-09-11T14:43:05.799287Z 0 [Note] InnoDB: Loading buffer pool(s) from /var/lib/mysql/ib_buffer_pool
2021-09-11T14:43:05.799798Z 0 [Note] Plugin 'FEDERATED' is disabled.
2021-09-11T14:43:05.849048Z 0 [Note] Found ca.pem, server-cert.pem and server-key.pem in data directory. Trying to enable SSL support using them.
2021-09-11T14:43:05.850030Z 0 [Note] Skipping generation of SSL certificates as certificate files are present in data directory.
2021-09-11T14:43:05.850719Z 0 [Warning] A deprecated TLS version TLSv1 is enabled. Please use TLSv1.2 or higher.
2021-09-11T14:43:05.851358Z 0 [Warning] A deprecated TLS version TLSv1.1 is enabled. Please use TLSv1.2 or higher.
2021-09-11T14:43:05.863208Z 0 [Warning] CA certificate ca.pem is self signed.
2021-09-11T14:43:05.863989Z 0 [Note] Skipping generation of RSA key pair as key files are present in data directory.
2021-09-11T14:43:05.869491Z 0 [Note] Server hostname (bind-address): '*'; port: 3306
2021-09-11T14:43:05.870585Z 0 [Note] IPv6 is available.
2021-09-11T14:43:05.871247Z 0 [Note]   - '::' resolves to '::';
2021-09-11T14:43:05.871852Z 0 [Note] Server socket created on IP: '::'.
2021-09-11T14:43:05.869876Z 0 [Note] InnoDB: Buffer pool(s) load completed at 210911 23:43:05
2021-09-11T14:43:05.876771Z 0 [Warning] Insecure configuration for --pid-file: Location '/var/run/mysqld' in the path is accessible to all OS users. Consider choosing a different directory.
2021-09-11T14:43:06.192671Z 0 [Note] Event Scheduler: Loaded 0 events
2021-09-11T14:43:06.193531Z 0 [Note] mysqld: ready for connections.
Version: '5.7.35'  socket: '/var/run/mysqld/mysqld.sock'  port: 3306  MySQL Community Server (GPL)
